# configure exec: ./configure --prefix=/Users/luiz.camargo/Projects/nodegraphql/node_modules/node-rdkafka/build/deps --libdir=/Users/luiz.camargo/Projects/nodegraphql/node_modules/node-rdkafka/build/deps --prefix=/Users/luiz.camargo/Projects/nodegraphql/node_modules/node-rdkafka/build/deps --libdir=/Users/luiz.camargo/Projects/nodegraphql/node_modules/node-rdkafka/build/deps
# On Sun Jan 20 10:52:47 -02 2019
DBG: ccenv: WITH_CC:  --version failed: mklove/modules/configure.base: line 1183: --version: command not found
DBG: Check ccenv (WITH_CC, action cont (originally cont)) failed: command ' --version' failed:
mklove/modules/configure.base: line 1183: --version: command not found
DBG: cxxenv: WITH_CXX:  --version failed: mklove/modules/configure.base: line 1183: --version: command not found
DBG: Check cxxenv (WITH_CXX, action cont (originally cont)) failed: command ' --version' failed:
mklove/modules/configure.base: line 1183: --version: command not found
DBG: Compile check cc_g_dwarf (): gcc   -Wall -Werror _mkltmp1ZffU9.c -o _mkltmp1ZffU9.c.o  -L/Users/luiz.camargo/Projects/nodegraphql/node_modules/node-rdkafka/build/deps -gstrict-dwarf
DBG: install: WITH_INSTALL: install --version failed: install: illegal option -- -
usage: install [-bCcpSsv] [-B suffix] [-f flags] [-g group] [-m mode]
               [-o owner] file1 file2
       install [-bCcpSsv] [-B suffix] [-f flags] [-g group] [-m mode]
               [-o owner] file1 ... fileN directory
       install -d [-v] [-g group] [-m mode] [-o owner] directory ...
DBG: Check install (WITH_INSTALL, action cont (originally cont)) failed: command 'install --version' failed:
install: illegal option -- -
usage: install [-bCcpSsv] [-B suffix] [-f flags] [-g group] [-m mode]
               [-o owner] file1 file2
       install [-bCcpSsv] [-B suffix] [-f flags] [-g group] [-m mode]
               [-o owner] file1 ... fileN directory
       install -d [-v] [-g group] [-m mode] [-o owner] directory ...
DBG: Compile check PIC (HAVE_PIC): gcc  -gstrict-dwarf -O2 -Wall -Werror _mkltmpEoQplf.c -o _mkltmpEoQplf.c.o  -L/Users/luiz.camargo/Projects/nodegraphql/node_modules/node-rdkafka/build/deps -fPIC
DBG: Compile check gnulib (WITH_GNULD): gcc  -gstrict-dwarf -O2 -fPIC -Wall -Werror _mkltmpaBnQVE.c -o _mkltmpaBnQVE.c.o  -L/Users/luiz.camargo/Projects/nodegraphql/node_modules/node-rdkafka/build/deps -shared -Wl,-soname,mkltest.0
DBG: compile check for gnulib (WITH_GNULD) failed: gcc  -gstrict-dwarf -O2 -fPIC -Wall -Werror _mkltmpaBnQVE.c -o _mkltmpaBnQVE.c.o  -L/Users/luiz.camargo/Projects/nodegraphql/node_modules/node-rdkafka/build/deps -shared -Wl,-soname,mkltest.0: ld: unknown option: -soname
clang: error: linker command failed with exit code 1 (use -v to see invocation)
DBG: Check gnulib (WITH_GNULD, action cont (originally cont)) failed: compile check failed:
CC: CC
flags: -shared -Wl,-soname,mkltest.0
gcc  -gstrict-dwarf -O2 -fPIC -Wall -Werror _mkltmpaBnQVE.c -o _mkltmpaBnQVE.c.o  -L/Users/luiz.camargo/Projects/nodegraphql/node_modules/node-rdkafka/build/deps -shared -Wl,-soname,mkltest.0:
ld: unknown option: -soname
clang: error: linker command failed with exit code 1 (use -v to see invocation)
source: 
DBG: Compile check osxlib (WITH_OSXLD): gcc  -gstrict-dwarf -O2 -fPIC -Wall -Werror _mkltmprmG0VF.c -o _mkltmprmG0VF.c.o  -L/Users/luiz.camargo/Projects/nodegraphql/node_modules/node-rdkafka/build/deps -dynamiclib -Wl,-install_name,/tmp/mkltest.so.0
DBG: Compile check ldsflagvs (): gcc  -gstrict-dwarf -O2 -fPIC -Wall -Werror _mkltmp42BmiC.c -o _mkltmp42BmiC.c.o  -L/Users/luiz.camargo/Projects/nodegraphql/node_modules/node-rdkafka/build/deps -shared -Wl,--version-script=_mkltmpbXKdvz
DBG: compile check for ldsflagvs () failed: gcc  -gstrict-dwarf -O2 -fPIC -Wall -Werror _mkltmp42BmiC.c -o _mkltmp42BmiC.c.o  -L/Users/luiz.camargo/Projects/nodegraphql/node_modules/node-rdkafka/build/deps -shared -Wl,--version-script=_mkltmpbXKdvz: ld: unknown option: --version-script=_mkltmpbXKdvz
clang: error: linker command failed with exit code 1 (use -v to see invocation)
DBG: Check ldsflagvs (, action cont (originally cont)) failed: compile check failed:
CC: CC
flags: -shared -Wl,--version-script=_mkltmpbXKdvz
gcc  -gstrict-dwarf -O2 -fPIC -Wall -Werror _mkltmp42BmiC.c -o _mkltmp42BmiC.c.o  -L/Users/luiz.camargo/Projects/nodegraphql/node_modules/node-rdkafka/build/deps -shared -Wl,--version-script=_mkltmpbXKdvz:
ld: unknown option: --version-script=_mkltmpbXKdvz
clang: error: linker command failed with exit code 1 (use -v to see invocation)
source: 
DBG: Compile check ldsflagm (): gcc  -gstrict-dwarf -O2 -fPIC -Wall -Werror _mkltmpKPe1X1.c -o _mkltmpKPe1X1.c.o  -L/Users/luiz.camargo/Projects/nodegraphql/node_modules/node-rdkafka/build/deps -shared -Wl,-M_mkltmpbXKdvz
DBG: compile check for ldsflagm () failed: gcc  -gstrict-dwarf -O2 -fPIC -Wall -Werror _mkltmpKPe1X1.c -o _mkltmpKPe1X1.c.o  -L/Users/luiz.camargo/Projects/nodegraphql/node_modules/node-rdkafka/build/deps -shared -Wl,-M_mkltmpbXKdvz: ld: unknown option: -M_mkltmpbXKdvz
clang: error: linker command failed with exit code 1 (use -v to see invocation)
DBG: Check ldsflagm (, action ignore (originally ignore)) failed: compile check failed:
CC: CC
flags: -shared -Wl,-M_mkltmpbXKdvz
gcc  -gstrict-dwarf -O2 -fPIC -Wall -Werror _mkltmpKPe1X1.c -o _mkltmpKPe1X1.c.o  -L/Users/luiz.camargo/Projects/nodegraphql/node_modules/node-rdkafka/build/deps -shared -Wl,-M_mkltmpbXKdvz:
ld: unknown option: -M_mkltmpbXKdvz
clang: error: linker command failed with exit code 1 (use -v to see invocation)
source: 
DBG: Compile check __atomic_32 (HAVE_ATOMICS_32): gcc  -gstrict-dwarf -O2 -fPIC -Wall -Werror _mkltmppVJxsc.c -o _mkltmppVJxsc.c.o  -L/Users/luiz.camargo/Projects/nodegraphql/node_modules/node-rdkafka/build/deps 
DBG: Compile check __atomic_64 (HAVE_ATOMICS_64): gcc  -gstrict-dwarf -O2 -fPIC -Wall -Werror _mkltmpa7XT5h.c -o _mkltmpa7XT5h.c.o  -L/Users/luiz.camargo/Projects/nodegraphql/node_modules/node-rdkafka/build/deps 
DBG: Compile check socket (): gcc  -gstrict-dwarf -O2 -fPIC -Wall -Wsign-compare -Wfloat-equal -Wpointer-arith -Wcast-align -Wall -Werror _mkltmpxIqguP.c -o _mkltmpxIqguP.c.o  -L/Users/luiz.camargo/Projects/nodegraphql/node_modules/node-rdkafka/build/deps 
DBG: pkg-config check librt (): pkg-config --short-errors --cflags librt
DBG: 'pkg-config --short-errors --cflags librt' failed: No package 'librt' found
DBG: Check librt_PKGCONFIG (, action cont (originally cont)) failed: 'pkg-config --short-errors --cflags librt' failed:
No package 'librt' found
DBG: Compile check librt (): gcc  -gstrict-dwarf -O2 -fPIC -Wall -Wsign-compare -Wfloat-equal -Wpointer-arith -Wcast-align -Wall -Werror _mkltmpX7tsAy.c -o _mkltmpX7tsAy.c.o  -L/Users/luiz.camargo/Projects/nodegraphql/node_modules/node-rdkafka/build/deps -lrt
DBG: compile check for librt () failed: gcc  -gstrict-dwarf -O2 -fPIC -Wall -Wsign-compare -Wfloat-equal -Wpointer-arith -Wcast-align -Wall -Werror _mkltmpX7tsAy.c -o _mkltmpX7tsAy.c.o  -L/Users/luiz.camargo/Projects/nodegraphql/node_modules/node-rdkafka/build/deps -lrt: ld: library not found for -lrt
clang: error: linker command failed with exit code 1 (use -v to see invocation)
DBG: Check librt (, action cont (originally cont)) failed: compile check failed:
CC: CC
flags: -lrt
gcc  -gstrict-dwarf -O2 -fPIC -Wall -Wsign-compare -Wfloat-equal -Wpointer-arith -Wcast-align -Wall -Werror _mkltmpX7tsAy.c -o _mkltmpX7tsAy.c.o  -L/Users/luiz.camargo/Projects/nodegraphql/node_modules/node-rdkafka/build/deps -lrt:
ld: library not found for -lrt
clang: error: linker command failed with exit code 1 (use -v to see invocation)
source: 
DBG: pkg-config check libpthread (): pkg-config --short-errors --cflags libpthread
DBG: 'pkg-config --short-errors --cflags libpthread' failed: No package 'libpthread' found
DBG: Check libpthread_PKGCONFIG (, action cont (originally cont)) failed: 'pkg-config --short-errors --cflags libpthread' failed:
No package 'libpthread' found
DBG: Compile check libpthread (): gcc  -gstrict-dwarf -O2 -fPIC -Wall -Wsign-compare -Wfloat-equal -Wpointer-arith -Wcast-align -Wall -Werror _mkltmpUsMvds.c -o _mkltmpUsMvds.c.o  -L/Users/luiz.camargo/Projects/nodegraphql/node_modules/node-rdkafka/build/deps -lpthread
DBG: pkg-config check libdl (): pkg-config --short-errors --cflags libdl
DBG: 'pkg-config --short-errors --cflags libdl' failed: No package 'libdl' found
DBG: Check libdl_PKGCONFIG (, action cont (originally cont)) failed: 'pkg-config --short-errors --cflags libdl' failed:
No package 'libdl' found
DBG: Compile check libdl (WITH_LIBDL): gcc  -gstrict-dwarf -O2 -fPIC -Wall -Wsign-compare -Wfloat-equal -Wpointer-arith -Wcast-align -Wall -Werror _mkltmpaXOqSq.c -o _mkltmpaXOqSq.c.o  -L/Users/luiz.camargo/Projects/nodegraphql/node_modules/node-rdkafka/build/deps -ldl
DBG: pkg-config check zlib (): pkg-config --short-errors --cflags zlib
DBG: pkg-config check libcrypto (): pkg-config --short-errors --cflags libcrypto
DBG: 'pkg-config --short-errors --cflags libcrypto' failed: No package 'libcrypto' found
DBG: Check libcrypto_PKGCONFIG (, action cont (originally cont)) failed: 'pkg-config --short-errors --cflags libcrypto' failed:
No package 'libcrypto' found
DBG: Compile check libcrypto (): gcc  -gstrict-dwarf -O2 -fPIC -Wall -Wsign-compare -Wfloat-equal -Wpointer-arith -Wcast-align -Wall -Werror _mkltmpaW6bhe.c -o _mkltmpaW6bhe.c.o  -L/Users/luiz.camargo/Projects/nodegraphql/node_modules/node-rdkafka/build/deps -lcrypto
DBG: pkg-config check libm (): pkg-config --short-errors --cflags libm
DBG: 'pkg-config --short-errors --cflags libm' failed: No package 'libm' found
DBG: Check libm_PKGCONFIG (, action cont (originally cont)) failed: 'pkg-config --short-errors --cflags libm' failed:
No package 'libm' found
DBG: Compile check libm (): gcc  -gstrict-dwarf -O2 -fPIC -Wall -Wsign-compare -Wfloat-equal -Wpointer-arith -Wcast-align -Wall -Werror _mkltmpZOTLD8.c -o _mkltmpZOTLD8.c.o  -L/Users/luiz.camargo/Projects/nodegraphql/node_modules/node-rdkafka/build/deps -lm
DBG: pkg-config check liblz4 (): pkg-config --short-errors --cflags liblz4
DBG: 'pkg-config --short-errors --cflags liblz4' failed: No package 'liblz4' found
DBG: Check liblz4_PKGCONFIG (, action cont (originally cont)) failed: 'pkg-config --short-errors --cflags liblz4' failed:
No package 'liblz4' found
DBG: Compile check liblz4 (WITH_LZ4_EXT): gcc  -gstrict-dwarf -O2 -fPIC -Wall -Wsign-compare -Wfloat-equal -Wpointer-arith -Wcast-align -Wall -Werror _mkltmpL2G1p7.c -o _mkltmpL2G1p7.c.o  -L/Users/luiz.camargo/Projects/nodegraphql/node_modules/node-rdkafka/build/deps -llz4
DBG: compile check for liblz4 (WITH_LZ4_EXT) failed: gcc  -gstrict-dwarf -O2 -fPIC -Wall -Wsign-compare -Wfloat-equal -Wpointer-arith -Wcast-align -Wall -Werror _mkltmpL2G1p7.c -o _mkltmpL2G1p7.c.o  -L/Users/luiz.camargo/Projects/nodegraphql/node_modules/node-rdkafka/build/deps -llz4: _mkltmpL2G1p7.c:1:10: fatal error: 'lz4frame.h' file not found
#include <lz4frame.h>
         ^~~~~~~~~~~~
1 error generated.
DBG: Check liblz4 (WITH_LZ4_EXT, action disable (originally disable)) failed: compile check failed:
CC: CC
flags: -llz4
gcc  -gstrict-dwarf -O2 -fPIC -Wall -Wsign-compare -Wfloat-equal -Wpointer-arith -Wcast-align -Wall -Werror _mkltmpL2G1p7.c -o _mkltmpL2G1p7.c.o  -L/Users/luiz.camargo/Projects/nodegraphql/node_modules/node-rdkafka/build/deps -llz4:
_mkltmpL2G1p7.c:1:10: fatal error: 'lz4frame.h' file not found
#include <lz4frame.h>
         ^~~~~~~~~~~~
1 error generated.
source: #include <lz4frame.h>
DBG: Compile check rapidjson (WITH_RAPIDJSON): g++  -gstrict-dwarf -O2 -fPIC -Wall -Wsign-compare -Wfloat-equal -Wpointer-arith -Wcast-align -Wall -Werror _mkltmpNHsAJe.cpp -o _mkltmpNHsAJe.cpp.o  -L/Users/luiz.camargo/Projects/nodegraphql/node_modules/node-rdkafka/build/deps 
DBG: compile check for rapidjson (WITH_RAPIDJSON) failed: g++  -gstrict-dwarf -O2 -fPIC -Wall -Wsign-compare -Wfloat-equal -Wpointer-arith -Wcast-align -Wall -Werror _mkltmpNHsAJe.cpp -o _mkltmpNHsAJe.cpp.o  -L/Users/luiz.camargo/Projects/nodegraphql/node_modules/node-rdkafka/build/deps : _mkltmpNHsAJe.cpp:1:10: fatal error: 'rapidjson/schema.h' file not found
#include <rapidjson/schema.h>
         ^~~~~~~~~~~~~~~~~~~~
1 error generated.
DBG: Check rapidjson (WITH_RAPIDJSON, action disable (originally disable)) failed: compile check failed:
CC: CXX
flags: 
g++  -gstrict-dwarf -O2 -fPIC -Wall -Wsign-compare -Wfloat-equal -Wpointer-arith -Wcast-align -Wall -Werror _mkltmpNHsAJe.cpp -o _mkltmpNHsAJe.cpp.o  -L/Users/luiz.camargo/Projects/nodegraphql/node_modules/node-rdkafka/build/deps :
_mkltmpNHsAJe.cpp:1:10: fatal error: 'rapidjson/schema.h' file not found
#include <rapidjson/schema.h>
         ^~~~~~~~~~~~~~~~~~~~
1 error generated.
source: #include <rapidjson/schema.h>
DBG: pkg-config check libssl (): pkg-config --short-errors --cflags libssl
DBG: pkg-config check libsasl2 (): pkg-config --short-errors --cflags libsasl2
DBG: 'pkg-config --short-errors --cflags libsasl2' failed: No package 'libsasl2' found
DBG: Check libsasl2_PKGCONFIG (, action cont (originally cont)) failed: 'pkg-config --short-errors --cflags libsasl2' failed:
No package 'libsasl2' found
DBG: Compile check libsasl2 (WITH_SASL_CYRUS): gcc -I/usr/local/Cellar/openssl/1.0.2q/include -gstrict-dwarf -O2 -fPIC -Wall -Wsign-compare -Wfloat-equal -Wpointer-arith -Wcast-align -Wall -Werror _mkltmpTkVMI9.c -o _mkltmpTkVMI9.c.o  -L/Users/luiz.camargo/Projects/nodegraphql/node_modules/node-rdkafka/build/deps -lsasl2
DBG: Compile check crc32chw (WITH_CRC32C_HW): gcc -I/usr/local/Cellar/openssl/1.0.2q/include -gstrict-dwarf -O2 -fPIC -Wall -Wsign-compare -Wfloat-equal -Wpointer-arith -Wcast-align -Wall -Werror _mkltmpGwJSvK.c -o _mkltmpGwJSvK.c.o  -L/Users/luiz.camargo/Projects/nodegraphql/node_modules/node-rdkafka/build/deps 
DBG: Compile check regex (HAVE_REGEX): gcc -I/usr/local/Cellar/openssl/1.0.2q/include -gstrict-dwarf -O2 -fPIC -Wall -Wsign-compare -Wfloat-equal -Wpointer-arith -Wcast-align -Wall -Werror _mkltmpTlWCqo.c -o _mkltmpTlWCqo.c.o  -L/Users/luiz.camargo/Projects/nodegraphql/node_modules/node-rdkafka/build/deps 
DBG: Compile check strndup (HAVE_STRNDUP): gcc -I/usr/local/Cellar/openssl/1.0.2q/include -gstrict-dwarf -O2 -fPIC -Wall -Wsign-compare -Wfloat-equal -Wpointer-arith -Wcast-align -Wall -Werror _mkltmp3wvqkY.c -o _mkltmp3wvqkY.c.o  -L/Users/luiz.camargo/Projects/nodegraphql/node_modules/node-rdkafka/build/deps 
DBG: Compile check strerror_r (HAVE_STRERROR_R): gcc -I/usr/local/Cellar/openssl/1.0.2q/include -gstrict-dwarf -O2 -fPIC -Wall -Wsign-compare -Wfloat-equal -Wpointer-arith -Wcast-align -Wall -Werror _mkltmp1jghqr.c -o _mkltmp1jghqr.c.o  -L/Users/luiz.camargo/Projects/nodegraphql/node_modules/node-rdkafka/build/deps 
DBG: Compile check pthread_setname_gnu (HAVE_PTHREAD_SETNAME_GNU): gcc -I/usr/local/Cellar/openssl/1.0.2q/include -gstrict-dwarf -O2 -fPIC -Wall -Wsign-compare -Wfloat-equal -Wpointer-arith -Wcast-align -Wall -Werror _mkltmpdSsPrC.c -o _mkltmpdSsPrC.c.o  -L/Users/luiz.camargo/Projects/nodegraphql/node_modules/node-rdkafka/build/deps -D_GNU_SOURCE -lpthread
DBG: compile check for pthread_setname_gnu (HAVE_PTHREAD_SETNAME_GNU) failed: gcc -I/usr/local/Cellar/openssl/1.0.2q/include -gstrict-dwarf -O2 -fPIC -Wall -Wsign-compare -Wfloat-equal -Wpointer-arith -Wcast-align -Wall -Werror _mkltmpdSsPrC.c -o _mkltmpdSsPrC.c.o  -L/Users/luiz.camargo/Projects/nodegraphql/node_modules/node-rdkafka/build/deps -D_GNU_SOURCE -lpthread: _mkltmpdSsPrC.c:5:38: error: too many arguments to function call, expected 1, have 2
  pthread_setname_np(pthread_self(), "abc");
  ~~~~~~~~~~~~~~~~~~                 ^~~~~
/usr/include/pthread.h:499:1: note: 'pthread_setname_np' declared here
__API_AVAILABLE(macos(10.6), ios(3.2))
^
/usr/include/Availability.h:415:126: note: expanded from macro '__API_AVAILABLE'
    #define __API_AVAILABLE(...) __API_AVAILABLE_GET_MACRO(__VA_ARGS__,__API_AVAILABLE5, __API_AVAILABLE4, __API_AVAILABLE3, __API_AVAILABLE2, __API_AVAILABLE1)(__VA_ARGS__)
                                                                                                                             ^
1 error generated.
DBG: Check pthread_setname_gnu (HAVE_PTHREAD_SETNAME_GNU, action disable (originally disable)) failed: compile check failed:
CC: CC
flags: -D_GNU_SOURCE -lpthread
gcc -I/usr/local/Cellar/openssl/1.0.2q/include -gstrict-dwarf -O2 -fPIC -Wall -Wsign-compare -Wfloat-equal -Wpointer-arith -Wcast-align -Wall -Werror _mkltmpdSsPrC.c -o _mkltmpdSsPrC.c.o  -L/Users/luiz.camargo/Projects/nodegraphql/node_modules/node-rdkafka/build/deps -D_GNU_SOURCE -lpthread:
_mkltmpdSsPrC.c:5:38: error: too many arguments to function call, expected 1, have 2
  pthread_setname_np(pthread_self(), "abc");
  ~~~~~~~~~~~~~~~~~~                 ^~~~~
/usr/include/pthread.h:499:1: note: 'pthread_setname_np' declared here
__API_AVAILABLE(macos(10.6), ios(3.2))
^
/usr/include/Availability.h:415:126: note: expanded from macro '__API_AVAILABLE'
    #define __API_AVAILABLE(...) __API_AVAILABLE_GET_MACRO(__VA_ARGS__,__API_AVAILABLE5, __API_AVAILABLE4, __API_AVAILABLE3, __API_AVAILABLE2, __API_AVAILABLE1)(__VA_ARGS__)
                                                                                                                             ^
1 error generated.
source: 
#include <pthread.h>

void foo (void) {
  pthread_setname_np(pthread_self(), "abc");
}

